<?xml version="1.0" encoding="UTF-8"?>
<testsuite name="com.KCapital.investments.tradingsystem.mock.Tests" tests="1" skipped="0" failures="0" errors="0" timestamp="2023-03-06T21:27:42" hostname="macbook-pro-16.lan" time="1.239">
  <properties/>
  <testcase name="testClockEndpointGet()" classname="com.KCapital.investments.tradingsystem.mock.Tests" time="1.239"/>
  <system-out><![CDATA[]]></system-out>
  <system-err><![CDATA[[Test worker] INFO com.KCapital.investments.tradingsystem.util.properties.PropertyUtil - Using default properties for: alpaca.properties
[Test worker] INFO com.KCapital.investments.tradingsystem.live.AlpacaAPITest - Market is currently closed! Only some live endpoints will be tested.
[Test worker] INFO com.KCapital.investments.tradingsystem.live.AlpacaAPITest - 
Market is: closed
Timestamp: 2023-03-06T16:27:43.361358870-05:00
Next open: 2023-03-07T09:30-05:00
Next close: 2023-03-07T16:00-05:00
]]></system-err>
</testsuite>
